c:\users\namxm\onedrive\máy tính\file\dll1\dll1\x64\release\dll1.pch
c:\users\namxm\onedrive\máy tính\file\dll1\dll1\x64\release\vc142.pdb
c:\users\namxm\onedrive\máy tính\file\dll1\dll1\x64\release\pch.obj
c:\users\namxm\onedrive\máy tính\file\dll1\dll1\x64\release\dllmain.obj
c:\users\namxm\onedrive\máy tính\file\dll1\x64\release\dll1.lib
c:\users\namxm\onedrive\máy tính\file\dll1\x64\release\dll1.exp
c:\users\namxm\onedrive\máy tính\file\bedrock-server\plugins\dll1.lib
c:\users\namxm\onedrive\máy tính\file\bedrock-server\plugins\dll1.exp
c:\users\namxm\onedrive\máy tính\file\bedrock-server\plugins\dll1.dll
c:\users\namxm\onedrive\máy tính\file\dll1\dll1\x64\release\dll1.ipdb
c:\users\namxm\onedrive\máy tính\file\dll1\dll1\x64\release\dll1.iobj
c:\users\namxm\onedrive\máy tính\file\bedrock-server\plugins\dll1.pdb
c:\users\namxm\onedrive\máy tính\file\dll1\dll1\x64\release\dll1.tlog\cl.command.1.tlog
c:\users\namxm\onedrive\máy tính\file\dll1\dll1\x64\release\dll1.tlog\cl.read.1.tlog
c:\users\namxm\onedrive\máy tính\file\dll1\dll1\x64\release\dll1.tlog\cl.write.1.tlog
c:\users\namxm\onedrive\máy tính\file\dll1\dll1\x64\release\dll1.tlog\dll1.write.1u.tlog
c:\users\namxm\onedrive\máy tính\file\dll1\dll1\x64\release\dll1.tlog\link.command.1.tlog
c:\users\namxm\onedrive\máy tính\file\dll1\dll1\x64\release\dll1.tlog\link.delete.1.tlog
c:\users\namxm\onedrive\máy tính\file\dll1\dll1\x64\release\dll1.tlog\link.read.1.tlog
c:\users\namxm\onedrive\máy tính\file\dll1\dll1\x64\release\dll1.tlog\link.write.1.tlog
